<?xml version="1.0" encoding="UTF-8"?>
<!-- Generated by org.testng.reporters.JUnitReportReporter -->
<testsuite hostname="LAPTOP-B573TS52" failures="0" tests="1" name="com.testcases.TC01_LoginCRM" time="11.060" errors="0" timestamp="2021-07-21T08:04:30 IST" skipped="0">
  <testcase classname="com.testcases.TC01_LoginCRM" name="loginCRM" time="11.060"/>
  <system-out/>
</testsuite> <!-- com.testcases.TC01_LoginCRM -->
